<?xml version="1.0" encoding="UTF-8"?>
<!-- Generated by org.testng.reporters.JUnitXMLReporter -->
<testsuite ignored="0" hostname="DESKTOP-UE8LSC2" failures="0" tests="1" name="loginTest" time="0.174" errors="0" timestamp="2024-05-08T15:58:11 IST">
  <testcase classname="Amazon_project.GTM_projects.Cross_browser" name="@BeforeMethod launch" time="-1.715164091272E9">
    <failure type="org.testng.TestNGException" message="
Parameter &amp;apos;browser&amp;apos; is required by BeforeMethod on method launch but has not been marked @Optional or defined
in C:\Users\User\eclipse-workspace\GTM_projects\crossbrowser.xml">
      <![CDATA[org.testng.TestNGException: 
Parameter 'browser' is required by BeforeMethod on method launch but has not been marked @Optional or defined
in C:\Users\User\eclipse-workspace\GTM_projects\crossbrowser.xml
at java.base/java.util.ArrayList.forEach(ArrayList.java:1511)
... Removed 28 stack frames]]>
    </failure>
  </testcase> <!-- @BeforeMethod launch -->
  <testcase classname="Amazon_project.GTM_projects.Cross_browser" name="@AfterMethod quit" time="-1.715164091356E9">
    <skipped/>
  </testcase> <!-- @AfterMethod quit -->
  <testcase classname="Amazon_project.GTM_projects.Testcase2" name="login" time="0.0">
    <skipped/>
  </testcase> <!-- login -->
</testsuite> <!-- loginTest -->
